[2023-02-23 10:11:41,305] {taskinstance.py:1159} INFO - Dependencies all met for <TaskInstance: TwitterDAG.twitter_datascience scheduled__2023-02-18T00:00:00+00:00 [queued]>
[2023-02-23 10:11:41,316] {taskinstance.py:1159} INFO - Dependencies all met for <TaskInstance: TwitterDAG.twitter_datascience scheduled__2023-02-18T00:00:00+00:00 [queued]>
[2023-02-23 10:11:41,316] {taskinstance.py:1356} INFO - 
--------------------------------------------------------------------------------
[2023-02-23 10:11:41,316] {taskinstance.py:1357} INFO - Starting attempt 1 of 1
[2023-02-23 10:11:41,316] {taskinstance.py:1358} INFO - 
--------------------------------------------------------------------------------
[2023-02-23 10:11:41,333] {taskinstance.py:1377} INFO - Executing <Task(TwitterOperator): twitter_datascience> on 2023-02-18 00:00:00+00:00
[2023-02-23 10:11:41,336] {standard_task_runner.py:52} INFO - Started process 21377 to run task
[2023-02-23 10:11:41,343] {standard_task_runner.py:79} INFO - Running: ['airflow', 'tasks', 'run', 'TwitterDAG', 'twitter_datascience', 'scheduled__2023-02-18T00:00:00+00:00', '--job-id', '4', '--raw', '--subdir', 'DAGS_FOLDER/twitter_dag.py', '--cfg-path', '/var/folders/8z/6d7zf4153pgfqk4ygy8by4rh0000gn/T/tmpdwtpyg5m', '--error-file', '/var/folders/8z/6d7zf4153pgfqk4ygy8by4rh0000gn/T/tmpqdqohph0']
[2023-02-23 10:11:41,344] {standard_task_runner.py:80} INFO - Job 4: Subtask twitter_datascience
[2023-02-23 10:11:46,372] {task_command.py:370} INFO - Running <TaskInstance: TwitterDAG.twitter_datascience scheduled__2023-02-18T00:00:00+00:00 [running]> on host AZ026.local
[2023-02-23 10:11:51,449] {taskinstance.py:1569} INFO - Exporting the following env vars:
AIRFLOW_CTX_DAG_OWNER=airflow
AIRFLOW_CTX_DAG_ID=TwitterDAG
AIRFLOW_CTX_TASK_ID=twitter_datascience
AIRFLOW_CTX_EXECUTION_DATE=2023-02-18T00:00:00+00:00
AIRFLOW_CTX_TRY_NUMBER=1
AIRFLOW_CTX_DAG_RUN_ID=scheduled__2023-02-18T00:00:00+00:00
[2023-02-23 10:11:51,454] {base.py:68} INFO - Using connection ID 'twitter_default' for task execution.
[2023-02-23 10:11:51,458] {twitter_hook.py:34} INFO - URL: https://api.twitter.com/2/tweets/search/recent?query=datascience&tweet.fields=author_id,conversation_id,created_at,id,in_reply_to_user_id,public_metrics,lang,text&expansions=author_id&user.fields=id,name,username,created_at&start_time=2023-02-18T00:00:00.00Z&end_time=2023-02-19T00:00:00.00Z
[2023-02-23 10:11:51,954] {twitter_hook.py:34} INFO - URL: https://api.twitter.com/2/tweets/search/recent?query=datascience&tweet.fields=author_id,conversation_id,created_at,id,in_reply_to_user_id,public_metrics,lang,text&expansions=author_id&user.fields=id,name,username,created_at&start_time=2023-02-18T00:00:00.00Z&end_time=2023-02-19T00:00:00.00Z&next_token=b26v89c19zqg8o3fqk722a5hocn2cdej7drs2hkp0j8n1
[2023-02-23 10:11:52,223] {twitter_hook.py:34} INFO - URL: https://api.twitter.com/2/tweets/search/recent?query=datascience&tweet.fields=author_id,conversation_id,created_at,id,in_reply_to_user_id,public_metrics,lang,text&expansions=author_id&user.fields=id,name,username,created_at&start_time=2023-02-18T00:00:00.00Z&end_time=2023-02-19T00:00:00.00Z&next_token=b26v89c19zqg8o3fqk722a5hmvihc77kbe8ci060enx4t
[2023-02-23 10:11:52,517] {twitter_hook.py:34} INFO - URL: https://api.twitter.com/2/tweets/search/recent?query=datascience&tweet.fields=author_id,conversation_id,created_at,id,in_reply_to_user_id,public_metrics,lang,text&expansions=author_id&user.fields=id,name,username,created_at&start_time=2023-02-18T00:00:00.00Z&end_time=2023-02-19T00:00:00.00Z&next_token=b26v89c19zqg8o3fqk722a5hmunmwyjcj9ze4mdwgiqv1
[2023-02-23 10:11:52,779] {twitter_hook.py:34} INFO - URL: https://api.twitter.com/2/tweets/search/recent?query=datascience&tweet.fields=author_id,conversation_id,created_at,id,in_reply_to_user_id,public_metrics,lang,text&expansions=author_id&user.fields=id,name,username,created_at&start_time=2023-02-18T00:00:00.00Z&end_time=2023-02-19T00:00:00.00Z&next_token=b26v89c19zqg8o3fqk722a5hlcodz0sbhsupbyt2qmu7x
[2023-02-23 10:11:53,075] {twitter_hook.py:34} INFO - URL: https://api.twitter.com/2/tweets/search/recent?query=datascience&tweet.fields=author_id,conversation_id,created_at,id,in_reply_to_user_id,public_metrics,lang,text&expansions=author_id&user.fields=id,name,username,created_at&start_time=2023-02-18T00:00:00.00Z&end_time=2023-02-19T00:00:00.00Z&next_token=b26v89c19zqg8o3fqk722a5hju9jc2gf2aetizweopunx
[2023-02-23 10:11:53,354] {twitter_hook.py:34} INFO - URL: https://api.twitter.com/2/tweets/search/recent?query=datascience&tweet.fields=author_id,conversation_id,created_at,id,in_reply_to_user_id,public_metrics,lang,text&expansions=author_id&user.fields=id,name,username,created_at&start_time=2023-02-18T00:00:00.00Z&end_time=2023-02-19T00:00:00.00Z&next_token=b26v89c19zqg8o3fqk722a5hjt7dd42l8lep9oz1hasn1
[2023-02-23 10:11:53,619] {twitter_hook.py:34} INFO - URL: https://api.twitter.com/2/tweets/search/recent?query=datascience&tweet.fields=author_id,conversation_id,created_at,id,in_reply_to_user_id,public_metrics,lang,text&expansions=author_id&user.fields=id,name,username,created_at&start_time=2023-02-18T00:00:00.00Z&end_time=2023-02-19T00:00:00.00Z&next_token=b26v89c19zqg8o3fqk722a5hjskaoqjbv13xhzzz1h56l
[2023-02-23 10:11:53,876] {twitter_hook.py:34} INFO - URL: https://api.twitter.com/2/tweets/search/recent?query=datascience&tweet.fields=author_id,conversation_id,created_at,id,in_reply_to_user_id,public_metrics,lang,text&expansions=author_id&user.fields=id,name,username,created_at&start_time=2023-02-18T00:00:00.00Z&end_time=2023-02-19T00:00:00.00Z&next_token=b26v89c19zqg8o3fqk722a5hib816258omlpp3zfhgscd
[2023-02-23 10:11:54,151] {twitter_hook.py:34} INFO - URL: https://api.twitter.com/2/tweets/search/recent?query=datascience&tweet.fields=author_id,conversation_id,created_at,id,in_reply_to_user_id,public_metrics,lang,text&expansions=author_id&user.fields=id,name,username,created_at&start_time=2023-02-18T00:00:00.00Z&end_time=2023-02-19T00:00:00.00Z&next_token=b26v89c19zqg8o3fqk722a5hiasn1ut7fo3ymc9keibnh
[2023-02-23 10:11:54,404] {taskinstance.py:1395} INFO - Marking task as SUCCESS. dag_id=TwitterDAG, task_id=twitter_datascience, execution_date=20230218T000000, start_date=20230223T131141, end_date=20230223T131154
[2023-02-23 10:11:54,422] {local_task_job.py:156} INFO - Task exited with return code 0
[2023-02-23 10:11:54,441] {local_task_job.py:273} INFO - 0 downstream tasks scheduled from follow-on schedule check
[2023-02-23 10:11:54,447] {dagrun.py:562} INFO - Marking run <DagRun TwitterDAG @ 2023-02-18 00:00:00+00:00: scheduled__2023-02-18T00:00:00+00:00, externally triggered: False> successful
[2023-02-23 10:11:54,448] {dagrun.py:607} INFO - DagRun Finished: dag_id=TwitterDAG, execution_date=2023-02-18 00:00:00+00:00, run_id=scheduled__2023-02-18T00:00:00+00:00, run_start_date=2023-02-23 13:11:25.833703+00:00, run_end_date=2023-02-23 13:11:54.448275+00:00, run_duration=28.614572, state=success, external_trigger=False, run_type=scheduled, data_interval_start=2023-02-18 00:00:00+00:00, data_interval_end=2023-02-19 00:00:00+00:00, dag_hash=210333109273b255d93dcbcfbe4c8422
